2019-03-06 21:56:51,173 - Null reference [template 'structure', line 31, column 31] : $flag cannot be resolved.
2019-03-06 21:56:51,175 - Null reference [template 'structure', line 3, column 7] : $flag cannot be resolved.
2019-03-06 21:56:51,175 - Null reference [template 'structure', line 7, column 22] : $flag cannot be resolved.
2019-03-06 21:56:51,175 - Null reference [template 'structure', line 14, column 23] : $flag cannot be resolved.
2019-03-06 21:56:51,175 - Null reference [template 'structure', line 7, column 22] : $flag cannot be resolved.
2019-03-06 21:56:51,175 - Null reference [template 'structure', line 14, column 23] : $flag cannot be resolved.
2019-03-06 21:56:51,190 - Log4JLogChute initialized using file 'velocity.log'
2019-03-06 21:56:51,190 - Initializing Velocity, Calling init()...
2019-03-06 21:56:51,190 - Starting Apache Velocity v1.7 (compiled: 2010-11-19 12:14:37)
2019-03-06 21:56:51,190 - Default Properties File: org/apache/velocity/runtime/defaults/velocity.properties
2019-03-06 21:56:51,190 - Trying to use logger class org.apache.velocity.runtime.log.AvalonLogChute
2019-03-06 21:56:51,190 - Target log system for org.apache.velocity.runtime.log.AvalonLogChute is not available (java.lang.NoClassDefFoundError: Could not initialize class org.apache.velocity.runtime.log.AvalonLogChute).  Falling back to next log system...
2019-03-06 21:56:51,190 - Trying to use logger class org.apache.velocity.runtime.log.Log4JLogChute
2019-03-06 21:56:51,190 - Using logger class org.apache.velocity.runtime.log.Log4JLogChute
2019-03-06 21:56:51,190 - ResourceLoader instantiated: org.apache.velocity.runtime.resource.loader.FileResourceLoader
2019-03-06 21:56:51,190 - Do unicode file recognition:  false
2019-03-06 21:56:51,191 - FileResourceLoader : adding path '.'
2019-03-06 21:56:51,191 - ResourceCache: initialized (class org.apache.velocity.runtime.resource.ResourceCacheImpl) with class java.util.Collections$SynchronizedMap cache map.
2019-03-06 21:56:51,191 - Loaded System Directive: org.apache.velocity.runtime.directive.Stop
2019-03-06 21:56:51,191 - Loaded System Directive: org.apache.velocity.runtime.directive.Define
2019-03-06 21:56:51,191 - Loaded System Directive: org.apache.velocity.runtime.directive.Break
2019-03-06 21:56:51,191 - Loaded System Directive: org.apache.velocity.runtime.directive.Evaluate
2019-03-06 21:56:51,191 - Loaded System Directive: org.apache.velocity.runtime.directive.Literal
2019-03-06 21:56:51,191 - Loaded System Directive: org.apache.velocity.runtime.directive.Macro
2019-03-06 21:56:51,191 - Loaded System Directive: org.apache.velocity.runtime.directive.Parse
2019-03-06 21:56:51,191 - Loaded System Directive: org.apache.velocity.runtime.directive.Include
2019-03-06 21:56:51,192 - Loaded System Directive: org.apache.velocity.runtime.directive.Foreach
2019-03-06 21:56:51,192 - Created '20' parsers.
2019-03-06 21:56:51,193 - Velocimacro : "velocimacro.library" is not set.  Trying default library: VM_global_library.vm
2019-03-06 21:56:51,193 - Velocimacro : Default library not found.
2019-03-06 21:56:51,193 - Velocimacro : allowInline = true : VMs can be defined inline in templates
2019-03-06 21:56:51,193 - Velocimacro : allowInlineToOverride = false : VMs defined inline may NOT replace previous VM definitions
2019-03-06 21:56:51,193 - Velocimacro : allowInlineLocal = true : VMs defined inline will be local to their defining template only.
2019-03-06 21:56:51,193 - Velocimacro : autoload off : VM system will not automatically reload global library macros
2019-03-06 21:56:51,198 - Velocimacro : added VM Test: source=sqlmap
2019-03-06 21:56:51,199 - Velocimacro : added VM Insert: source=sqlmap
2019-03-06 21:56:51,200 - Velocimacro : added VM Update: source=sqlmap
2019-03-06 21:56:51,200 - Velocimacro : added VM Delete: source=sqlmap
2019-03-06 21:56:51,200 - Velocimacro : added VM Where: source=sqlmap
2019-03-06 21:56:57,060 - Velocimacro : added VM Test: source=sqlmap
2019-03-06 21:56:57,062 - Velocimacro : added VM Insert: source=sqlmap
2019-03-06 21:56:57,063 - Velocimacro : added VM Update: source=sqlmap
2019-03-06 21:56:57,063 - Velocimacro : added VM Delete: source=sqlmap
2019-03-06 21:56:57,063 - Velocimacro : added VM Where: source=sqlmap
Velocimacro : added VM Insert: source=sqlmap
2019-03-06 21:56:57,063 - Velocimacro : added VM Update: source=sqlmap
2019-03-06 21:56:57,063 - Velocimacro : added VM Delete: source=sqlmap
2019-03-06 21:56:57,063 - Velocimacro : added VM Where: source=sqlmap
2019-03-06 21:57:46,316 - Log4JLogChute initialized using file 'velocity.log'
2019-03-06 21:57:46,316 - Initializing Velocity, Calling init()...
2019-03-06 21:57:46,316 - Starting Apache Velocity v1.7 (compiled: 2010-11-19 12:14:37)
2019-03-06 21:57:46,316 - Default Properties File: org/apache/velocity/runtime/defaults/velocity.properties
2019-03-06 21:57:46,316 - Trying to use logger class org.apache.velocity.runtime.log.AvalonLogChute
2019-03-06 21:57:46,316 - Target log system for org.apache.velocity.runtime.log.AvalonLogChute is not available (java.lang.NoClassDefFoundError: org/apache/log/Priority).  Falling back to next log system...
2019-03-06 21:57:46,316 - Trying to use logger class org.apache.velocity.runtime.log.Log4JLogChute
2019-03-06 21:57:46,317 - Using logger class org.apache.velocity.runtime.log.Log4JLogChute
2019-03-06 21:57:46,317 - ResourceLoader instantiated: org.apache.velocity.runtime.resource.loader.FileResourceLoader
2019-03-06 21:57:46,317 - Do unicode file recognition:  false
2019-03-06 21:57:46,317 - FileResourceLoader : adding path '.'
2019-03-06 21:57:46,317 - ResourceCache: initialized (class org.apache.velocity.runtime.resource.ResourceCacheImpl) with class java.util.Collections$SynchronizedMap cache map.
2019-03-06 21:57:46,317 - Loaded System Directive: org.apache.velocity.runtime.directive.Stop
2019-03-06 21:57:46,317 - Loaded System Directive: org.apache.velocity.runtime.directive.Define
2019-03-06 21:57:46,317 - Loaded System Directive: org.apache.velocity.runtime.directive.Break
2019-03-06 21:57:46,317 - Loaded System Directive: org.apache.velocity.runtime.directive.Evaluate
2019-03-06 21:57:46,317 - Loaded System Directive: org.apache.velocity.runtime.directive.Literal
2019-03-06 21:57:46,317 - Loaded System Directive: org.apache.velocity.runtime.directive.Macro
2019-03-06 21:57:46,318 - Loaded System Directive: org.apache.velocity.runtime.directive.Parse
2019-03-06 21:57:46,318 - Loaded System Directive: org.apache.velocity.runtime.directive.Include
2019-03-06 21:57:46,318 - Loaded System Directive: org.apache.velocity.runtime.directive.Foreach
2019-03-06 21:57:46,319 - Created '20' parsers.
2019-03-06 21:57:46,319 - Velocimacro : "velocimacro.library" is not set.  Trying default library: VM_global_library.vm
2019-03-06 21:57:46,319 - Velocimacro : Default library not found.
2019-03-06 21:57:46,319 - Velocimacro : allowInline = true : VMs can be defined inline in templates
2019-03-06 21:57:46,319 - Velocimacro : allowInlineToOverride = false : VMs defined inline may NOT replace previous VM definitions
2019-03-06 21:57:46,319 - Velocimacro : allowInlineLocal = false : VMs defined inline will be global in scope if allowed.
2019-03-06 21:57:46,319 - Velocimacro : autoload off : VM system will not automatically reload global library macros
2019-03-06 21:57:46,326 - Null reference [template 'structure', line 5, column 15] : $flag cannot be resolved.
2019-03-06 21:57:46,329 - Null reference [template 'structure', line 8, column 30] : $flag cannot be resolved.
2019-03-06 21:57:46,329 - Null reference [template 'structure', line 10, column 31] : $flag cannot be resolved.
2019-03-06 21:57:46,329 - Null reference [template 'structure', line 8, column 30] : $flag cannot be resolved.
2019-03-06 21:57:46,329 - Null reference [template 'structure', line 10, column 31] : $flag cannot be resolved.
2019-03-06 21:57:46,329 - Null reference [template 'structure', line 8, column 30] : $flag cannot be resolved.
2019-03-06 21:57:46,329 - Null reference [template 'structure', line 10, column 31] : $flag cannot be resolved.
2019-03-06 21:57:46,329 - Null reference [template 'structure', line 14, column 15] : $flag cannot be resolved.
2019-03-06 21:57:46,329 - Null reference [template 'structure', line 17, column 30] : $flag cannot be resolved.
2019-03-06 21:57:46,330 - Null reference [template 'structure', line 31, column 31] : $flag cannot be resolved.
2019-03-06 21:57:46,330 - Null reference [template 'structure', line 17, column 30] : $flag cannot be resolved.
2019-03-06 21:57:46,330 - Null reference [template 'structure', line 31, column 31] : $flag cannot be resolved.
2019-03-06 21:57:46,331 - Null reference [template 'structure', line 17, column 30] : $flag cannot be resolved.
2019-03-06 21:57:46,331 - Null reference [template 'structure', line 31, column 31] : $flag cannot be resolved.
2019-03-06 21:57:46,334 - Null reference [template 'structure', line 3, column 7] : $flag cannot be resolved.
2019-03-06 21:57:46,334 - Null reference [template 'structure', line 7, column 22] : $flag cannot be resolved.
2019-03-06 21:57:46,334 - Null reference [template 'structure', line 14, column 23] : $flag cannot be resolved.
2019-03-06 21:57:46,334 - Null reference [template 'structure', line 7, column 22] : $flag cannot be resolved.
2019-03-06 21:57:46,334 - Null reference [template 'structure', line 14, column 23] : $flag cannot be resolved.
2019-03-06 21:57:46,334 - Null reference [template 'structure', line 7, column 22] : $flag cannot be resolved.
2019-03-06 21:57:46,334 - Null reference [template 'structure', line 14, column 23] : $flag cannot be resolved.
2019-03-06 21:57:46,344 - Null reference [template 'structure', line 5, column 15] : $flag cannot be resolved.
2019-03-06 21:57:46,344 - Null reference [template 'structure', line 8, column 30] : $flag cannot be resolved.
2019-03-06 21:57:46,344 - Null reference [template 'structure', line 10, column 31] : $flag cannot be resolved.
2019-03-06 21:57:46,344 - Null reference [template 'structure', line 8, column 30] : $flag cannot be resolved.
2019-03-06 21:57:46,344 - Null reference [template 'structure', line 10, column 31] : $flag cannot be resolved.
2019-03-06 21:57:46,344 - Null reference [template 'structure', line 14, column 15] : $flag cannot be resolved.
2019-03-06 21:57:46,345 - Null reference [template 'structure', line 17, column 30] : $flag cannot be resolved.
2019-03-06 21:57:46,345 - Null reference [template 'structure', line 31, column 31] : $flag cannot be resolved.
2019-03-06 21:57:46,345 - Null reference [template 'structure', line 17, column 30] : $flag cannot be resolved.
2019-03-06 21:57:46,345 - Null reference [template 'structure', line 31, column 31] : $flag cannot be resolved.
2019-03-06 21:57:46,346 - Null reference [template 'structure', line 3, column 7] : $flag cannot be resolved.
2019-03-06 21:57:46,347 - Null reference [template 'structure', line 7, column 22] : $flag cannot be resolved.
2019-03-06 21:57:46,347 - Null reference [template 'structure', line 14, column 23] : $flag cannot be resolved.
2019-03-06 21:57:46,347 - Null reference [template 'structure', line 7, column 22] : $flag cannot be resolved.
2019-03-06 21:57:46,347 - Null reference [template 'structure', line 14, column 23] : $flag cannot be resolved.
2019-03-06 21:57:46,360 - Log4JLogChute initialized using file 'velocity.log'
2019-03-06 21:57:46,360 - Log4JLogChute initialized using file 'velocity.log'
2019-03-06 21:57:46,360 - Initializing Velocity, Calling init()...
2019-03-06 21:57:46,360 - Initializing Velocity, Calling init()...
2019-03-06 21:57:46,360 - Starting Apache Velocity v1.7 (compiled: 2010-11-19 12:14:37)
2019-03-06 21:57:46,360 - Starting Apache Velocity v1.7 (compiled: 2010-11-19 12:14:37)
2019-03-06 21:57:46,360 - Default Properties File: org/apache/velocity/runtime/defaults/velocity.properties
2019-03-06 21:57:46,360 - Default Properties File: org/apache/velocity/runtime/defaults/velocity.properties
2019-03-06 21:57:46,360 - Trying to use logger class org.apache.velocity.runtime.log.AvalonLogChute
2019-03-06 21:57:46,360 - Trying to use logger class org.apache.velocity.runtime.log.AvalonLogChute
2019-03-06 21:57:46,360 - Target log system for org.apache.velocity.runtime.log.AvalonLogChute is not available (java.lang.NoClassDefFoundError: Could not initialize class org.apache.velocity.runtime.log.AvalonLogChute).  Falling back to next log system...
2019-03-06 21:57:46,360 - Target log system for org.apache.velocity.runtime.log.AvalonLogChute is not available (java.lang.NoClassDefFoundError: Could not initialize class org.apache.velocity.runtime.log.AvalonLogChute).  Falling back to next log system...
2019-03-06 21:57:46,360 - Trying to use logger class org.apache.velocity.runtime.log.Log4JLogChute
2019-03-06 21:57:46,360 - Trying to use logger class org.apache.velocity.runtime.log.Log4JLogChute
2019-03-06 21:57:46,360 - Using logger class org.apache.velocity.runtime.log.Log4JLogChute
2019-03-06 21:57:46,360 - Using logger class org.apache.velocity.runtime.log.Log4JLogChute
2019-03-06 21:57:46,360 - ResourceLoader instantiated: org.apache.velocity.runtime.resource.loader.FileResourceLoader
2019-03-06 21:57:46,360 - ResourceLoader instantiated: org.apache.velocity.runtime.resource.loader.FileResourceLoader
2019-03-06 21:57:46,360 - Do unicode file recognition:  false
2019-03-06 21:57:46,360 - Do unicode file recognition:  false
2019-03-06 21:57:46,360 - FileResourceLoader : adding path '.'
2019-03-06 21:57:46,360 - FileResourceLoader : adding path '.'
2019-03-06 21:57:46,361 - ResourceCache: initialized (class org.apache.velocity.runtime.resource.ResourceCacheImpl) with class java.util.Collections$SynchronizedMap cache map.
2019-03-06 21:57:46,361 - ResourceCache: initialized (class org.apache.velocity.runtime.resource.ResourceCacheImpl) with class java.util.Collections$SynchronizedMap cache map.
2019-03-06 21:57:46,361 - Loaded System Directive: org.apache.velocity.runtime.directive.Stop
2019-03-06 21:57:46,361 - Loaded System Directive: org.apache.velocity.runtime.directive.Stop
2019-03-06 21:57:46,361 - Loaded System Directive: org.apache.velocity.runtime.directive.Define
2019-03-06 21:57:46,361 - Loaded System Directive: org.apache.velocity.runtime.directive.Define
2019-03-06 21:57:46,361 - Loaded System Directive: org.apache.velocity.runtime.directive.Break
2019-03-06 21:57:46,361 - Loaded System Directive: org.apache.velocity.runtime.directive.Break
2019-03-06 21:57:46,361 - Loaded System Directive: org.apache.velocity.runtime.directive.Evaluate
2019-03-06 21:57:46,361 - Loaded System Directive: org.apache.velocity.runtime.directive.Evaluate
2019-03-06 21:57:46,361 - Loaded System Directive: org.apache.velocity.runtime.directive.Literal
2019-03-06 21:57:46,361 - Loaded System Directive: org.apache.velocity.runtime.directive.Literal
2019-03-06 21:57:46,362 - Loaded System Directive: org.apache.velocity.runtime.directive.Macro
2019-03-06 21:57:46,362 - Loaded System Directive: org.apache.velocity.runtime.directive.Macro
2019-03-06 21:57:46,362 - Loaded System Directive: org.apache.velocity.runtime.directive.Parse
2019-03-06 21:57:46,362 - Loaded System Directive: org.apache.velocity.runtime.directive.Parse
2019-03-06 21:57:46,362 - Loaded System Directive: org.apache.velocity.runtime.directive.Include
2019-03-06 21:57:46,362 - Loaded System Directive: org.apache.velocity.runtime.directive.Include
2019-03-06 21:57:46,362 - Loaded System Directive: org.apache.velocity.runtime.directive.Foreach
2019-03-06 21:57:46,362 - Loaded System Directive: org.apache.velocity.runtime.directive.Foreach
2019-03-06 21:57:46,363 - Created '20' parsers.
2019-03-06 21:57:46,363 - Created '20' parsers.
2019-03-06 21:57:46,364 - Velocimacro : "velocimacro.library" is not set.  Trying default library: VM_global_library.vm
2019-03-06 21:57:46,364 - Velocimacro : "velocimacro.library" is not set.  Trying default library: VM_global_library.vm
2019-03-06 21:57:46,364 - Velocimacro : Default library not found.
2019-03-06 21:57:46,364 - Velocimacro : Default library not found.
2019-03-06 21:57:46,364 - Velocimacro : allowInline = true : VMs can be defined inline in templates
2019-03-06 21:57:46,364 - Velocimacro : allowInline = true : VMs can be defined inline in templates
2019-03-06 21:57:46,364 - Velocimacro : allowInlineToOverride = false : VMs defined inline may NOT replace previous VM definitions
2019-03-06 21:57:46,364 - Velocimacro : allowInlineToOverride = false : VMs defined inline may NOT replace previous VM definitions
2019-03-06 21:57:46,364 - Velocimacro : allowInlineLocal = true : VMs defined inline will be local to their defining template only.
2019-03-06 21:57:46,364 - Velocimacro : allowInlineLocal = true : VMs defined inline will be local to their defining template only.
2019-03-06 21:57:46,364 - Velocimacro : autoload off : VM system will not automatically reload global library macros
2019-03-06 21:57:46,364 - Velocimacro : autoload off : VM system will not automatically reload global library macros
2019-03-06 21:57:46,366 - Velocimacro : added VM Test: source=sqlmap
2019-03-06 21:57:46,366 - Velocimacro : added VM Test: source=sqlmap
2019-03-06 21:57:46,367 - Velocimacro : added VM Insert: source=sqlmap
2019-03-06 21:57:46,367 - Velocimacro : added VM Insert: source=sqlmap
2019-03-06 21:57:46,367 - Velocimacro : added VM Update: source=sqlmap
2019-03-06 21:57:46,367 - Velocimacro : added VM Update: source=sqlmap
2019-03-06 21:57:46,368 - Velocimacro : added VM Delete: source=sqlmap
2019-03-06 21:57:46,368 - Velocimacro : added VM Delete: source=sqlmap
2019-03-06 21:57:46,368 - Velocimacro : added VM Where: source=sqlmap
2019-03-06 21:57:46,368 - Velocimacro : added VM Where: source=sqlmap
2019-03-06 22:01:02,584 - Velocimacro : added VM Test: source=sqlmap
2019-03-06 22:01:02,584 - Velocimacro : added VM Test: source=sqlmap
2019-03-06 22:01:02,598 - Velocimacro : added VM Insert: source=sqlmap
2019-03-06 22:01:02,598 - Velocimacro : added VM Insert: source=sqlmap
2019-03-06 22:01:02,599 - Velocimacro : added VM Update: source=sqlmap
2019-03-06 22:01:02,599 - Velocimacro : added VM Update: source=sqlmap
2019-03-06 22:01:02,599 - Velocimacro : added VM Delete: source=sqlmap
2019-03-06 22:01:02,599 - Velocimacro : added VM Delete: source=sqlmap
2019-03-06 22:01:02,599 - Velocimacro : added VM Where: source=sqlmap
2019-03-06 22:01:02,599 - Velocimacro : added VM Where: source=sqlmap
2019-03-07 10:23:47,843 - Log4JLogChute initialized using file 'velocity.log'
2019-03-07 10:23:47,843 - Initializing Velocity, Calling init()...
2019-03-07 10:23:47,844 - Starting Apache Velocity v1.7 (compiled: 2010-11-19 12:14:37)
2019-03-07 10:23:47,844 - Default Properties File: org/apache/velocity/runtime/defaults/velocity.properties
2019-03-07 10:23:47,844 - Trying to use logger class org.apache.velocity.runtime.log.AvalonLogChute
2019-03-07 10:23:47,844 - Target log system for org.apache.velocity.runtime.log.AvalonLogChute is not available (java.lang.NoClassDefFoundError: org/apache/log/Priority).  Falling back to next log system...
2019-03-07 10:23:47,844 - Trying to use logger class org.apache.velocity.runtime.log.Log4JLogChute
2019-03-07 10:23:47,844 - Using logger class org.apache.velocity.runtime.log.Log4JLogChute
2019-03-07 10:23:47,844 - ResourceLoader instantiated: org.apache.velocity.runtime.resource.loader.FileResourceLoader
2019-03-07 10:23:47,844 - Do unicode file recognition:  false
2019-03-07 10:23:47,844 - FileResourceLoader : adding path '.'
2019-03-07 10:23:47,844 - ResourceCache: initialized (class org.apache.velocity.runtime.resource.ResourceCacheImpl) with class java.util.Collections$SynchronizedMap cache map.
2019-03-07 10:23:47,845 - Loaded System Directive: org.apache.velocity.runtime.directive.Stop
2019-03-07 10:23:47,845 - Loaded System Directive: org.apache.velocity.runtime.directive.Define
2019-03-07 10:23:47,845 - Loaded System Directive: org.apache.velocity.runtime.directive.Break
2019-03-07 10:23:47,845 - Loaded System Directive: org.apache.velocity.runtime.directive.Evaluate
2019-03-07 10:23:47,845 - Loaded System Directive: org.apache.velocity.runtime.directive.Literal
2019-03-07 10:23:47,845 - Loaded System Directive: org.apache.velocity.runtime.directive.Macro
2019-03-07 10:23:47,845 - Loaded System Directive: org.apache.velocity.runtime.directive.Parse
2019-03-07 10:23:47,845 - Loaded System Directive: org.apache.velocity.runtime.directive.Include
2019-03-07 10:23:47,845 - Loaded System Directive: org.apache.velocity.runtime.directive.Foreach
2019-03-07 10:23:47,846 - Created '20' parsers.
2019-03-07 10:23:47,846 - Velocimacro : "velocimacro.library" is not set.  Trying default library: VM_global_library.vm
2019-03-07 10:23:47,846 - Velocimacro : Default library not found.
2019-03-07 10:23:47,846 - Velocimacro : allowInline = true : VMs can be defined inline in templates
2019-03-07 10:23:47,846 - Velocimacro : allowInlineToOverride = false : VMs defined inline may NOT replace previous VM definitions
2019-03-07 10:23:47,846 - Velocimacro : allowInlineLocal = false : VMs defined inline will be global in scope if allowed.
2019-03-07 10:23:47,846 - Velocimacro : autoload off : VM system will not automatically reload global library macros
2019-03-07 10:23:47,855 - Null reference [template 'structure', line 5, column 15] : $flag cannot be resolved.
2019-03-07 10:23:47,859 - Null reference [template 'structure', line 8, column 30] : $flag cannot be resolved.
2019-03-07 10:23:47,859 - Null reference [template 'structure', line 10, column 31] : $flag cannot be resolved.
2019-03-07 10:23:47,859 - Null reference [template 'structure', line 8, column 30] : $flag cannot be resolved.
2019-03-07 10:23:47,859 - Null reference [template 'structure', line 10, column 31] : $flag cannot be resolved.
2019-03-07 10:23:47,859 - Null reference [template 'structure', line 8, column 30] : $flag cannot be resolved.
2019-03-07 10:23:47,859 - Null reference [template 'structure', line 10, column 31] : $flag cannot be resolved.
2019-03-07 10:23:47,859 - Null reference [template 'structure', line 14, column 15] : $flag cannot be resolved.
2019-03-07 10:23:47,859 - Null reference [template 'structure', line 17, column 30] : $flag cannot be resolved.
2019-03-07 10:23:47,859 - Null reference [template 'structure', line 31, column 31] : $flag cannot be resolved.
2019-03-07 10:23:47,860 - Null reference [template 'structure', line 17, column 30] : $flag cannot be resolved.
2019-03-07 10:23:47,860 - Null reference [template 'structure', line 31, column 31] : $flag cannot be resolved.
2019-03-07 10:23:47,860 - Null reference [template 'structure', line 17, column 30] : $flag cannot be resolved.
2019-03-07 10:23:47,860 - Null reference [template 'structure', line 31, column 31] : $flag cannot be resolved.
2019-03-07 10:23:47,865 - Null reference [template 'structure', line 3, column 7] : $flag cannot be resolved.
2019-03-07 10:23:47,865 - Null reference [template 'structure', line 7, column 22] : $flag cannot be resolved.
2019-03-07 10:23:47,866 - Null reference [template 'structure', line 14, column 23] : $flag cannot be resolved.
2019-03-07 10:23:47,866 - Null reference [template 'structure', line 7, column 22] : $flag cannot be resolved.
2019-03-07 10:23:47,866 - Null reference [template 'structure', line 14, column 23] : $flag cannot be resolved.
2019-03-07 10:23:47,866 - Null reference [template 'structure', line 7, column 22] : $flag cannot be resolved.
2019-03-07 10:23:47,866 - Null reference [template 'structure', line 14, column 23] : $flag cannot be resolved.
2019-03-07 10:23:47,874 - Null reference [template 'structure', line 5, column 15] : $flag cannot be resolved.
2019-03-07 10:23:47,874 - Null reference [template 'structure', line 8, column 30] : $flag cannot be resolved.
2019-03-07 10:23:47,874 - Null reference [template 'structure', line 10, column 31] : $flag cannot be resolved.
2019-03-07 10:23:47,875 - Null reference [template 'structure', line 8, column 30] : $flag cannot be resolved.
2019-03-07 10:23:47,875 - Null reference [template 'structure', line 10, column 31] : $flag cannot be resolved.
2019-03-07 10:23:47,875 - Null reference [template 'structure', line 14, column 15] : $flag cannot be resolved.
2019-03-07 10:23:47,875 - Null reference [template 'structure', line 17, column 30] : $flag cannot be resolved.
2019-03-07 10:23:47,875 - Null reference [template 'structure', line 31, column 31] : $flag cannot be resolved.
2019-03-07 10:23:47,875 - Null reference [template 'structure', line 17, column 30] : $flag cannot be resolved.
2019-03-07 10:23:47,875 - Null reference [template 'structure', line 31, column 31] : $flag cannot be resolved.
2019-03-07 10:23:47,877 - Null reference [template 'structure', line 3, column 7] : $flag cannot be resolved.
2019-03-07 10:23:47,877 - Null reference [template 'structure', line 7, column 22] : $flag cannot be resolved.
2019-03-07 10:23:47,878 - Null reference [template 'structure', line 14, column 23] : $flag cannot be resolved.
2019-03-07 10:23:47,878 - Null reference [template 'structure', line 7, column 22] : $flag cannot be resolved.
2019-03-07 10:23:47,878 - Null reference [template 'structure', line 14, column 23] : $flag cannot be resolved.
2019-03-07 10:23:47,893 - Log4JLogChute initialized using file 'velocity.log'
2019-03-07 10:23:47,893 - Log4JLogChute initialized using file 'velocity.log'
2019-03-07 10:23:47,893 - Initializing Velocity, Calling init()...
2019-03-07 10:23:47,893 - Initializing Velocity, Calling init()...
2019-03-07 10:23:47,893 - Starting Apache Velocity v1.7 (compiled: 2010-11-19 12:14:37)
2019-03-07 10:23:47,893 - Starting Apache Velocity v1.7 (compiled: 2010-11-19 12:14:37)
2019-03-07 10:23:47,893 - Default Properties File: org/apache/velocity/runtime/defaults/velocity.properties
2019-03-07 10:23:47,893 - Default Properties File: org/apache/velocity/runtime/defaults/velocity.properties
2019-03-07 10:23:47,893 - Trying to use logger class org.apache.velocity.runtime.log.AvalonLogChute
2019-03-07 10:23:47,893 - Trying to use logger class org.apache.velocity.runtime.log.AvalonLogChute
2019-03-07 10:23:47,893 - Target log system for org.apache.velocity.runtime.log.AvalonLogChute is not available (java.lang.NoClassDefFoundError: Could not initialize class org.apache.velocity.runtime.log.AvalonLogChute).  Falling back to next log system...
2019-03-07 10:23:47,893 - Target log system for org.apache.velocity.runtime.log.AvalonLogChute is not available (java.lang.NoClassDefFoundError: Could not initialize class org.apache.velocity.runtime.log.AvalonLogChute).  Falling back to next log system...
2019-03-07 10:23:47,893 - Trying to use logger class org.apache.velocity.runtime.log.Log4JLogChute
2019-03-07 10:23:47,893 - Trying to use logger class org.apache.velocity.runtime.log.Log4JLogChute
2019-03-07 10:23:47,893 - Using logger class org.apache.velocity.runtime.log.Log4JLogChute
2019-03-07 10:23:47,893 - Using logger class org.apache.velocity.runtime.log.Log4JLogChute
2019-03-07 10:23:47,893 - ResourceLoader instantiated: org.apache.velocity.runtime.resource.loader.FileResourceLoader
2019-03-07 10:23:47,893 - ResourceLoader instantiated: org.apache.velocity.runtime.resource.loader.FileResourceLoader
2019-03-07 10:23:47,893 - Do unicode file recognition:  false
2019-03-07 10:23:47,893 - Do unicode file recognition:  false
2019-03-07 10:23:47,893 - FileResourceLoader : adding path '.'
2019-03-07 10:23:47,893 - FileResourceLoader : adding path '.'
2019-03-07 10:23:47,894 - ResourceCache: initialized (class org.apache.velocity.runtime.resource.ResourceCacheImpl) with class java.util.Collections$SynchronizedMap cache map.
2019-03-07 10:23:47,894 - ResourceCache: initialized (class org.apache.velocity.runtime.resource.ResourceCacheImpl) with class java.util.Collections$SynchronizedMap cache map.
2019-03-07 10:23:47,894 - Loaded System Directive: org.apache.velocity.runtime.directive.Stop
2019-03-07 10:23:47,894 - Loaded System Directive: org.apache.velocity.runtime.directive.Stop
2019-03-07 10:23:47,894 - Loaded System Directive: org.apache.velocity.runtime.directive.Define
2019-03-07 10:23:47,894 - Loaded System Directive: org.apache.velocity.runtime.directive.Define
2019-03-07 10:23:47,894 - Loaded System Directive: org.apache.velocity.runtime.directive.Break
2019-03-07 10:23:47,894 - Loaded System Directive: org.apache.velocity.runtime.directive.Break
2019-03-07 10:23:47,894 - Loaded System Directive: org.apache.velocity.runtime.directive.Evaluate
2019-03-07 10:23:47,894 - Loaded System Directive: org.apache.velocity.runtime.directive.Evaluate
2019-03-07 10:23:47,894 - Loaded System Directive: org.apache.velocity.runtime.directive.Literal
2019-03-07 10:23:47,894 - Loaded System Directive: org.apache.velocity.runtime.directive.Literal
2019-03-07 10:23:47,894 - Loaded System Directive: org.apache.velocity.runtime.directive.Macro
2019-03-07 10:23:47,894 - Loaded System Directive: org.apache.velocity.runtime.directive.Macro
2019-03-07 10:23:47,894 - Loaded System Directive: org.apache.velocity.runtime.directive.Parse
2019-03-07 10:23:47,894 - Loaded System Directive: org.apache.velocity.runtime.directive.Parse
2019-03-07 10:23:47,894 - Loaded System Directive: org.apache.velocity.runtime.directive.Include
2019-03-07 10:23:47,894 - Loaded System Directive: org.apache.velocity.runtime.directive.Include
2019-03-07 10:23:47,894 - Loaded System Directive: org.apache.velocity.runtime.directive.Foreach
2019-03-07 10:23:47,894 - Loaded System Directive: org.apache.velocity.runtime.directive.Foreach
2019-03-07 10:23:47,895 - Created '20' parsers.
2019-03-07 10:23:47,895 - Created '20' parsers.
2019-03-07 10:23:47,895 - Velocimacro : "velocimacro.library" is not set.  Trying default library: VM_global_library.vm
2019-03-07 10:23:47,895 - Velocimacro : "velocimacro.library" is not set.  Trying default library: VM_global_library.vm
2019-03-07 10:23:47,896 - Velocimacro : Default library not found.
2019-03-07 10:23:47,896 - Velocimacro : Default library not found.
2019-03-07 10:23:47,896 - Velocimacro : allowInline = true : VMs can be defined inline in templates
2019-03-07 10:23:47,896 - Velocimacro : allowInline = true : VMs can be defined inline in templates
2019-03-07 10:23:47,896 - Velocimacro : allowInlineToOverride = false : VMs defined inline may NOT replace previous VM definitions
2019-03-07 10:23:47,896 - Velocimacro : allowInlineToOverride = false : VMs defined inline may NOT replace previous VM definitions
2019-03-07 10:23:47,896 - Velocimacro : allowInlineLocal = true : VMs defined inline will be local to their defining template only.
2019-03-07 10:23:47,896 - Velocimacro : allowInlineLocal = true : VMs defined inline will be local to their defining template only.
2019-03-07 10:23:47,896 - Velocimacro : autoload off : VM system will not automatically reload global library macros
2019-03-07 10:23:47,896 - Velocimacro : autoload off : VM system will not automatically reload global library macros
2019-03-07 10:23:47,899 - Velocimacro : added VM Test: source=sqlmap
2019-03-07 10:23:47,899 - Velocimacro : added VM Test: source=sqlmap
2019-03-07 10:23:47,903 - Velocimacro : added VM Insert: source=sqlmap
2019-03-07 10:23:47,903 - Velocimacro : added VM Insert: source=sqlmap
2019-03-07 10:23:47,904 - Velocimacro : added VM Update: source=sqlmap
2019-03-07 10:23:47,904 - Velocimacro : added VM Update: source=sqlmap
2019-03-07 10:23:47,904 - Velocimacro : added VM Delete: source=sqlmap
2019-03-07 10:23:47,904 - Velocimacro : added VM Delete: source=sqlmap
2019-03-07 10:23:47,904 - Velocimacro : added VM Where: source=sqlmap
2019-03-07 10:23:47,904 - Velocimacro : added VM Where: source=sqlmap
2019-03-07 10:28:16,009 - Log4JLogChute initialized using file 'velocity.log'
2019-03-07 10:28:16,009 - Initializing Velocity, Calling init()...
2019-03-07 10:28:16,009 - Starting Apache Velocity v1.7 (compiled: 2010-11-19 12:14:37)
2019-03-07 10:28:16,009 - Default Properties File: org/apache/velocity/runtime/defaults/velocity.properties
2019-03-07 10:28:16,009 - Trying to use logger class org.apache.velocity.runtime.log.AvalonLogChute
2019-03-07 10:28:16,009 - Target log system for org.apache.velocity.runtime.log.AvalonLogChute is not available (java.lang.NoClassDefFoundError: org/apache/log/Priority).  Falling back to next log system...
2019-03-07 10:28:16,009 - Trying to use logger class org.apache.velocity.runtime.log.Log4JLogChute
2019-03-07 10:28:16,009 - Using logger class org.apache.velocity.runtime.log.Log4JLogChute
2019-03-07 10:28:16,009 - ResourceLoader instantiated: org.apache.velocity.runtime.resource.loader.FileResourceLoader
2019-03-07 10:28:16,009 - Do unicode file recognition:  false
2019-03-07 10:28:16,009 - FileResourceLoader : adding path '.'
2019-03-07 10:28:16,010 - ResourceCache: initialized (class org.apache.velocity.runtime.resource.ResourceCacheImpl) with class java.util.Collections$SynchronizedMap cache map.
2019-03-07 10:28:16,010 - Loaded System Directive: org.apache.velocity.runtime.directive.Stop
2019-03-07 10:28:16,010 - Loaded System Directive: org.apache.velocity.runtime.directive.Define
2019-03-07 10:28:16,010 - Loaded System Directive: org.apache.velocity.runtime.directive.Break
2019-03-07 10:28:16,010 - Loaded System Directive: org.apache.velocity.runtime.directive.Evaluate
2019-03-07 10:28:16,010 - Loaded System Directive: org.apache.velocity.runtime.directive.Literal
2019-03-07 10:28:16,010 - Loaded System Directive: org.apache.velocity.runtime.directive.Macro
2019-03-07 10:28:16,010 - Loaded System Directive: org.apache.velocity.runtime.directive.Parse
2019-03-07 10:28:16,010 - Loaded System Directive: org.apache.velocity.runtime.directive.Include
2019-03-07 10:28:16,010 - Loaded System Directive: org.apache.velocity.runtime.directive.Foreach
2019-03-07 10:28:16,011 - Created '20' parsers.
2019-03-07 10:28:16,011 - Velocimacro : "velocimacro.library" is not set.  Trying default library: VM_global_library.vm
2019-03-07 10:28:16,011 - Velocimacro : Default library not found.
2019-03-07 10:28:16,011 - Velocimacro : allowInline = true : VMs can be defined inline in templates
2019-03-07 10:28:16,011 - Velocimacro : allowInlineToOverride = false : VMs defined inline may NOT replace previous VM definitions
2019-03-07 10:28:16,011 - Velocimacro : allowInlineLocal = false : VMs defined inline will be global in scope if allowed.
2019-03-07 10:28:16,011 - Velocimacro : autoload off : VM system will not automatically reload global library macros
2019-03-07 10:28:16,019 - Null reference [template 'structure', line 5, column 15] : $flag cannot be resolved.
2019-03-07 10:28:16,023 - Null reference [template 'structure', line 8, column 30] : $flag cannot be resolved.
2019-03-07 10:28:16,023 - Null reference [template 'structure', line 10, column 31] : $flag cannot be resolved.
2019-03-07 10:28:16,023 - Null reference [template 'structure', line 8, column 30] : $flag cannot be resolved.
2019-03-07 10:28:16,023 - Null reference [template 'structure', line 10, column 31] : $flag cannot be resolved.
2019-03-07 10:28:16,023 - Null reference [template 'structure', line 8, column 30] : $flag cannot be resolved.
2019-03-07 10:28:16,023 - Null reference [template 'structure', line 10, column 31] : $flag cannot be resolved.
2019-03-07 10:28:16,023 - Null reference [template 'structure', line 14, column 15] : $flag cannot be resolved.
2019-03-07 10:28:16,023 - Null reference [template 'structure', line 17, column 30] : $flag cannot be resolved.
2019-03-07 10:28:16,024 - Null reference [template 'structure', line 31, column 31] : $flag cannot be resolved.
2019-03-07 10:28:16,024 - Null reference [template 'structure', line 17, column 30] : $flag cannot be resolved.
2019-03-07 10:28:16,025 - Null reference [template 'structure', line 31, column 31] : $flag cannot be resolved.
2019-03-07 10:28:16,025 - Null reference [template 'structure', line 17, column 30] : $flag cannot be resolved.
2019-03-07 10:28:16,025 - Null reference [template 'structure', line 31, column 31] : $flag cannot be resolved.
2019-03-07 10:28:16,030 - Null reference [template 'structure', line 3, column 7] : $flag cannot be resolved.
2019-03-07 10:28:16,030 - Null reference [template 'structure', line 7, column 22] : $flag cannot be resolved.
2019-03-07 10:28:16,030 - Null reference [template 'structure', line 14, column 23] : $flag cannot be resolved.
2019-03-07 10:28:16,030 - Null reference [template 'structure', line 7, column 22] : $flag cannot be resolved.
2019-03-07 10:28:16,030 - Null reference [template 'structure', line 14, column 23] : $flag cannot be resolved.
2019-03-07 10:28:16,030 - Null reference [template 'structure', line 7, column 22] : $flag cannot be resolved.
2019-03-07 10:28:16,031 - Null reference [template 'structure', line 14, column 23] : $flag cannot be resolved.
2019-03-07 10:28:16,039 - Null reference [template 'structure', line 5, column 15] : $flag cannot be resolved.
2019-03-07 10:28:16,040 - Null reference [template 'structure', line 8, column 30] : $flag cannot be resolved.
2019-03-07 10:28:16,040 - Null reference [template 'structure', line 10, column 31] : $flag cannot be resolved.
2019-03-07 10:28:16,040 - Null reference [template 'structure', line 8, column 30] : $flag cannot be resolved.
2019-03-07 10:28:16,040 - Null reference [template 'structure', line 10, column 31] : $flag cannot be resolved.
2019-03-07 10:28:16,040 - Null reference [template 'structure', line 14, column 15] : $flag cannot be resolved.
2019-03-07 10:28:16,040 - Null reference [template 'structure', line 17, column 30] : $flag cannot be resolved.
2019-03-07 10:28:16,040 - Null reference [template 'structure', line 31, column 31] : $flag cannot be resolved.
2019-03-07 10:28:16,040 - Null reference [template 'structure', line 17, column 30] : $flag cannot be resolved.
2019-03-07 10:28:16,040 - Null reference [template 'structure', line 31, column 31] : $flag cannot be resolved.
2019-03-07 10:28:16,042 - Null reference [template 'structure', line 3, column 7] : $flag cannot be resolved.
2019-03-07 10:28:16,043 - Null reference [template 'structure', line 7, column 22] : $flag cannot be resolved.
2019-03-07 10:28:16,043 - Null reference [template 'structure', line 14, column 23] : $flag cannot be resolved.
2019-03-07 10:28:16,043 - Null reference [template 'structure', line 7, column 22] : $flag cannot be resolved.
2019-03-07 10:28:16,043 - Null reference [template 'structure', line 14, column 23] : $flag cannot be resolved.
2019-03-07 10:28:16,058 - Log4JLogChute initialized using file 'velocity.log'
2019-03-07 10:28:16,058 - Log4JLogChute initialized using file 'velocity.log'
2019-03-07 10:28:16,058 - Initializing Velocity, Calling init()...
2019-03-07 10:28:16,058 - Initializing Velocity, Calling init()...
2019-03-07 10:28:16,058 - Starting Apache Velocity v1.7 (compiled: 2010-11-19 12:14:37)
2019-03-07 10:28:16,058 - Starting Apache Velocity v1.7 (compiled: 2010-11-19 12:14:37)
2019-03-07 10:28:16,058 - Default Properties File: org/apache/velocity/runtime/defaults/velocity.properties
2019-03-07 10:28:16,058 - Default Properties File: org/apache/velocity/runtime/defaults/velocity.properties
2019-03-07 10:28:16,058 - Trying to use logger class org.apache.velocity.runtime.log.AvalonLogChute
2019-03-07 10:28:16,058 - Trying to use logger class org.apache.velocity.runtime.log.AvalonLogChute
2019-03-07 10:28:16,058 - Target log system for org.apache.velocity.runtime.log.AvalonLogChute is not available (java.lang.NoClassDefFoundError: Could not initialize class org.apache.velocity.runtime.log.AvalonLogChute).  Falling back to next log system...
2019-03-07 10:28:16,058 - Target log system for org.apache.velocity.runtime.log.AvalonLogChute is not available (java.lang.NoClassDefFoundError: Could not initialize class org.apache.velocity.runtime.log.AvalonLogChute).  Falling back to next log system...
2019-03-07 10:28:16,059 - Trying to use logger class org.apache.velocity.runtime.log.Log4JLogChute
2019-03-07 10:28:16,059 - Trying to use logger class org.apache.velocity.runtime.log.Log4JLogChute
2019-03-07 10:28:16,059 - Using logger class org.apache.velocity.runtime.log.Log4JLogChute
2019-03-07 10:28:16,059 - Using logger class org.apache.velocity.runtime.log.Log4JLogChute
2019-03-07 10:28:16,059 - ResourceLoader instantiated: org.apache.velocity.runtime.resource.loader.FileResourceLoader
2019-03-07 10:28:16,059 - ResourceLoader instantiated: org.apache.velocity.runtime.resource.loader.FileResourceLoader
2019-03-07 10:28:16,059 - Do unicode file recognition:  false
2019-03-07 10:28:16,059 - Do unicode file recognition:  false
2019-03-07 10:28:16,059 - FileResourceLoader : adding path '.'
2019-03-07 10:28:16,059 - FileResourceLoader : adding path '.'
2019-03-07 10:28:16,059 - ResourceCache: initialized (class org.apache.velocity.runtime.resource.ResourceCacheImpl) with class java.util.Collections$SynchronizedMap cache map.
2019-03-07 10:28:16,059 - ResourceCache: initialized (class org.apache.velocity.runtime.resource.ResourceCacheImpl) with class java.util.Collections$SynchronizedMap cache map.
2019-03-07 10:28:16,059 - Loaded System Directive: org.apache.velocity.runtime.directive.Stop
2019-03-07 10:28:16,059 - Loaded System Directive: org.apache.velocity.runtime.directive.Stop
2019-03-07 10:28:16,059 - Loaded System Directive: org.apache.velocity.runtime.directive.Define
2019-03-07 10:28:16,059 - Loaded System Directive: org.apache.velocity.runtime.directive.Define
2019-03-07 10:28:16,059 - Loaded System Directive: org.apache.velocity.runtime.directive.Break
2019-03-07 10:28:16,059 - Loaded System Directive: org.apache.velocity.runtime.directive.Break
2019-03-07 10:28:16,059 - Loaded System Directive: org.apache.velocity.runtime.directive.Evaluate
2019-03-07 10:28:16,059 - Loaded System Directive: org.apache.velocity.runtime.directive.Evaluate
2019-03-07 10:28:16,060 - Loaded System Directive: org.apache.velocity.runtime.directive.Literal
2019-03-07 10:28:16,060 - Loaded System Directive: org.apache.velocity.runtime.directive.Literal
2019-03-07 10:28:16,060 - Loaded System Directive: org.apache.velocity.runtime.directive.Macro
2019-03-07 10:28:16,060 - Loaded System Directive: org.apache.velocity.runtime.directive.Macro
2019-03-07 10:28:16,060 - Loaded System Directive: org.apache.velocity.runtime.directive.Parse
2019-03-07 10:28:16,060 - Loaded System Directive: org.apache.velocity.runtime.directive.Parse
2019-03-07 10:28:16,060 - Loaded System Directive: org.apache.velocity.runtime.directive.Include
2019-03-07 10:28:16,060 - Loaded System Directive: org.apache.velocity.runtime.directive.Include
2019-03-07 10:28:16,060 - Loaded System Directive: org.apache.velocity.runtime.directive.Foreach
2019-03-07 10:28:16,060 - Loaded System Directive: org.apache.velocity.runtime.directive.Foreach
2019-03-07 10:28:16,061 - Created '20' parsers.
2019-03-07 10:28:16,061 - Created '20' parsers.
2019-03-07 10:28:16,061 - Velocimacro : "velocimacro.library" is not set.  Trying default library: VM_global_library.vm
2019-03-07 10:28:16,061 - Velocimacro : "velocimacro.library" is not set.  Trying default library: VM_global_library.vm
2019-03-07 10:28:16,061 - Velocimacro : Default library not found.
2019-03-07 10:28:16,061 - Velocimacro : Default library not found.
2019-03-07 10:28:16,061 - Velocimacro : allowInline = true : VMs can be defined inline in templates
2019-03-07 10:28:16,061 - Velocimacro : allowInline = true : VMs can be defined inline in templates
2019-03-07 10:28:16,061 - Velocimacro : allowInlineToOverride = false : VMs defined inline may NOT replace previous VM definitions
2019-03-07 10:28:16,061 - Velocimacro : allowInlineToOverride = false : VMs defined inline may NOT replace previous VM definitions
2019-03-07 10:28:16,061 - Velocimacro : allowInlineLocal = true : VMs defined inline will be local to their defining template only.
2019-03-07 10:28:16,061 - Velocimacro : allowInlineLocal = true : VMs defined inline will be local to their defining template only.
2019-03-07 10:28:16,061 - Velocimacro : autoload off : VM system will not automatically reload global library macros
2019-03-07 10:28:16,061 - Velocimacro : autoload off : VM system will not automatically reload global library macros
2019-03-07 10:28:16,064 - Velocimacro : added VM Test: source=sqlmap
2019-03-07 10:28:16,064 - Velocimacro : added VM Test: source=sqlmap
2019-03-07 10:28:16,065 - Velocimacro : added VM Insert: source=sqlmap
2019-03-07 10:28:16,065 - Velocimacro : added VM Insert: source=sqlmap
2019-03-07 10:28:16,066 - Velocimacro : added VM Update: source=sqlmap
2019-03-07 10:28:16,066 - Velocimacro : added VM Update: source=sqlmap
2019-03-07 10:28:16,066 - Velocimacro : added VM Delete: source=sqlmap
2019-03-07 10:28:16,066 - Velocimacro : added VM Delete: source=sqlmap
2019-03-07 10:28:16,066 - Velocimacro : added VM Where: source=sqlmap
2019-03-07 10:28:16,066 - Velocimacro : added VM Where: source=sqlmap
